Run 1: Standard Interaction
Reggy: Hello! I am Reggy++. I can predict your age and detect your mood.
You: My name is Shubham Haraniya
Reggy: Nice to meet you, Shubham! (Or should I say Mr./Ms. Haraniya?)
Reggy: When is your birthday? (e.g., DD-MM-YYYY)
You: 12-05-1990
Reggy: Based on your birthday, you are currently 35 years old.
Reggy: How are you feeling today, Shubham?
You: I am happy
Reggy: That's awesome! Keep smiling!
Reggy: (Type 'bye' to exit or tell me more)
You: bye
Reggy: Goodbye Shubham! Have a nice day.

--------------------------------------------------

Run 2: Text Date & Mood Typo
Reggy: Hello! I am Reggy++. I can predict your age and detect your mood.
You: Vidhan Patel
Reggy: Nice to meet you, Vidhan! (Or should I say Mr./Ms. Patel?)
Reggy: When is your birthday? (e.g., DD-MM-YYYY)
You: 15 August 1995
Reggy: Based on your birthday, you are currently 30 years old.
Reggy: How are you feeling today, Vidhan?
You: I feel saaad
Reggy: Oh no, I hope your day gets better. Sending virtual hugs!
Reggy: (Type 'bye' to exit or tell me more)
You: quit
Reggy: Goodbye Vidhan! Have a nice day.

--------------------------------------------------

Run 3: Ambiguous Date & Unknown Mood
Reggy: Hello! I am Reggy++. I can predict your age and detect your mood.
You: Shyamal
Reggy: Nice to meet you, Shyamal!
Reggy: When is your birthday? (e.g., DD-MM-YYYY)
You: 05-06-02
Reggy: Based on your birthday, you are currently 23 years old.
Reggy: How are you feeling today, Shyamal?
You: I feel blue
Reggy: I see. Can you tell me more about how you feel? (I might have trouble understanding complex emotions!)
Reggy: (Type 'bye' to exit or tell me more)
You: bye
Reggy: Goodbye Shyamal! Have a nice day.

--------------------------------------------------

Run 4: Invalid Date Recovery
Reggy: Hello! I am Reggy++. I can predict your age and detect your mood.
You: Shreeval
Reggy: Nice to meet you, Shreeval!
Reggy: When is your birthday? (e.g., DD-MM-YYYY)
You: invalid-date
Reggy: I couldn't understand that date format. Please try something like 12-05-1999 or 12 May 1999.
You: 01-01-2000
Reggy: Based on your birthday, you are currently 26 years old.
Reggy: How are you feeling today, Shreeval?
You: greeeat
Reggy: That's awesome! Keep smiling!
Reggy: (Type 'bye' to exit or tell me more)
You: exit
Reggy: Goodbye Shreeval! Have a nice day.

--------------------------------------------------

Run 5: Using "I'm" Pattern
Reggy: Hello! I am Reggy++. I can predict your age and detect your mood.
You: I'm Shubham Patel
Reggy: Nice to meet you, Shubham! (Or should I say Mr./Ms. Patel?)
Reggy: When is your birthday? (e.g., DD-MM-YYYY)
You: 25/03/2001
Reggy: Based on your birthday, you are currently 24 years old.
Reggy: How are you feeling today, Shubham?
You: I'm feeling goooood
Reggy: That's awesome! Keep smiling!
Reggy: (Type 'bye' to exit or tell me more)
You: bye
Reggy: Goodbye Shubham! Have a nice day.

--------------------------------------------------

Run 6: Short Month Format with Typo
Reggy: Hello! I am Reggy++. I can predict your age and detect your mood.
You: This is Raj Kumar
Reggy: Nice to meet you, Raj! (Or should I say Mr./Ms. Kumar?)
Reggy: When is your birthday? (e.g., DD-MM-YYYY)
You: 20 Dec 98
Reggy: Based on your birthday, you are currently 27 years old.
Reggy: How are you feeling today, Raj?
You: tiiiired
Reggy: Oh no, I hope your day gets better. Sending virtual hugs!
Reggy: (Type 'bye' to exit or tell me more)
You: stop
Reggy: Goodbye Raj! Have a nice day.

--------------------------------------------------

Run 7: MM-DD-YYYY Format & Mood Limitation
Reggy: Hello! I am Reggy++. I can predict your age and detect your mood.
You: I am Priya Shah
Reggy: Nice to meet you, Priya! (Or should I say Mr./Ms. Shah?)
Reggy: When is your birthday? (e.g., DD-MM-YYYY)
You: 12-31-1999
Reggy: Based on your birthday, you are currently 26 years old.
Reggy: How are you feeling today, Priya?
You: okayy
Reggy: I see. Can you tell me more about how you feel? (I might have trouble understanding complex emotions!)
You: bye
Reggy: Goodbye Priya! Have a nice day.

--------------------------------------------------

Run 8: Dot Separator and Excited Mood
Reggy: Hello! I am Reggy++. I can predict your age and detect your mood.
You: I'm Maya Desai
Reggy: Nice to meet you, Maya! (Or should I say Mr./Ms. Desai?)
Reggy: When is your birthday? (e.g., DD-MM-YYYY)
You: 10.07.1997
Reggy: Based on your birthday, you are currently 28 years old.
Reggy: How are you feeling today, Maya?
You: I feel grrreat!
Reggy: That's awesome! Keep smiling!
Reggy: (Type 'bye' to exit or tell me more)
You: quit
Reggy: Goodbye Maya! Have a nice day.

--------------------------------------------------

Run 9: Failure Case - Context Misunderstanding
Reggy: Hello! I am Reggy++. I can predict your age and detect your mood.
You: My name is not important
Reggy: Nice to meet you, not! (Or should I say Mr./Ms. important?)
Reggy: When is your birthday? (e.g., DD-MM-YYYY)
You: 15-08-2000
Reggy: Based on your birthday, you are currently 25 years old.
Reggy: How are you feeling today, not?
You: good
Reggy: That's awesome! Keep smiling!
Reggy: (Type 'bye' to exit or tell me more)
You: bye
Reggy: Goodbye not! Have a nice day.

--------------------------------------------------

Run 10: Failure Case - Month Name Typo
Reggy: Hello! I am Reggy++. I can predict your age and detect your mood.
You: I am Rahul Verma
Reggy: Nice to meet you, Rahul! (Or should I say Mr./Ms. Verma?)
Reggy: When is your birthday? (e.g., DD-MM-YYYY)
You: 12 jenuarry 2003
Reggy: I couldn't understand that date format. Please try something like 12-05-1999 or 12 May 1999.
You: happy
Reggy: I couldn't understand that date format. Please try something like 12-05-1999 or 12 May 1999.
You: bye
Reggy: Goodbye Rahul! Have a nice day.